action: GLOB, msg: packaging
cwd: /home/rssarto/projects/python/elegantframeworks
cmd: /usr/bin/python3 setup.py sdist --formats=zip --dist-dir .tox/dist
running sdist
running egg_info
writing elegantcasing.egg-info/PKG-INFO
writing dependency_links to elegantcasing.egg-info/dependency_links.txt
writing top-level names to elegantcasing.egg-info/top_level.txt
reading manifest file 'elegantcasing.egg-info/SOURCES.txt'
writing manifest file 'elegantcasing.egg-info/SOURCES.txt'
running check
creating elegantcasing-1.0.1
creating elegantcasing-1.0.1/elegantcasing.egg-info
creating elegantcasing-1.0.1/titlecase
copying files to elegantcasing-1.0.1...
copying README.md -> elegantcasing-1.0.1
copying setup.py -> elegantcasing-1.0.1
copying elegantcasing.egg-info/PKG-INFO -> elegantcasing-1.0.1/elegantcasing.egg-info
copying elegantcasing.egg-info/SOURCES.txt -> elegantcasing-1.0.1/elegantcasing.egg-info
copying elegantcasing.egg-info/dependency_links.txt -> elegantcasing-1.0.1/elegantcasing.egg-info
copying elegantcasing.egg-info/top_level.txt -> elegantcasing-1.0.1/elegantcasing.egg-info
copying titlecase/__init__.py -> elegantcasing-1.0.1/titlecase
copying titlecase/titlecase.py -> elegantcasing-1.0.1/titlecase
Writing elegantcasing-1.0.1/setup.cfg
creating '.tox/dist/elegantcasing-1.0.1.zip' and adding 'elegantcasing-1.0.1' to it
adding 'elegantcasing-1.0.1'
adding 'elegantcasing-1.0.1/elegantcasing.egg-info'
adding 'elegantcasing-1.0.1/titlecase'
adding 'elegantcasing-1.0.1/PKG-INFO'
adding 'elegantcasing-1.0.1/setup.cfg'
adding 'elegantcasing-1.0.1/README.md'
adding 'elegantcasing-1.0.1/setup.py'
adding 'elegantcasing-1.0.1/elegantcasing.egg-info/PKG-INFO'
adding 'elegantcasing-1.0.1/elegantcasing.egg-info/dependency_links.txt'
adding 'elegantcasing-1.0.1/elegantcasing.egg-info/SOURCES.txt'
adding 'elegantcasing-1.0.1/elegantcasing.egg-info/top_level.txt'
adding 'elegantcasing-1.0.1/titlecase/titlecase.py'
adding 'elegantcasing-1.0.1/titlecase/__init__.py'
removing 'elegantcasing-1.0.1' (and everything under it)
